Flutter crash report.
Please report a bug at https://github.com/flutter/flutter/issues.

## command

flutter --quiet assemble --no-version-check --depfile C:\Users\jmosquerarei\IdeaProjects\cojunta_mobile\build\app\intermediates\flutter\debug/flutter_build.d --output C:\Users\jmosquerarei\IdeaProjects\cojunta_mobile\build\app\intermediates\flutter\debug -dTargetFile=C:\Users\jmosquerarei\IdeaProjects\cojunta_mobile\lib\main.dart -dTargetPlatform=android -dBuildMode=debug -dTrackWidgetCreation=true -dFlavor= -dAndroidArchs=android-x64 -dMinSdkVersion=26 debug_android_application

## exception

PathAccessException: PathAccessException: Cannot delete file, path = 'C:\Users\jmosquerarei\IdeaProjects\cojunta_mobile\build\app\intermediates\flutter\debug\flutter_assets\isolate_snapshot_data' (OS Error: El proceso no tiene acceso al archivo porque está siendo utilizado por otro proceso.
, errno = 32)

```
#0      _File.throwIfError (dart:io/file_impl.dart:782:7)
#1      _File._deleteSync (dart:io/file_impl.dart:367:5)
#2      FileSystemEntity.deleteSync (dart:io/file_system_entity.dart:425:7)
#3      ForwardingFileSystemEntity.deleteSync (package:file/src/forwarding/forwarding_file_system_entity.dart:70:16)
#4      ForwardingFileSystemEntity.deleteSync (package:file/src/forwarding/forwarding_file_system_entity.dart:70:16)
#5      ErrorHandlingFileSystem.deleteIfExists (package:flutter_tools/src/base/error_handling_io.dart:90:14)
#6      FlutterBuildSystem.trackSharedBuildDirectory (package:flutter_tools/src/build_system/build_system.dart:780:33)
#7      FlutterBuildSystem.build (package:flutter_tools/src/build_system/build_system.dart:661:5)
<asynchronous suspension>
#8      AssembleCommand.runCommand (package:flutter_tools/src/commands/assemble.dart:354:32)
<asynchronous suspension>
#9      FlutterCommand.run.<anonymous closure> (package:flutter_tools/src/runner/flutter_command.dart:1558:27)
<asynchronous suspension>
#10     AppContext.run.<anonymous closure> (package:flutter_tools/src/base/context.dart:154:19)
<asynchronous suspension>
#11     CommandRunner.runCommand (package:args/command_runner.dart:212:13)
<asynchronous suspension>
#12     FlutterCommandRunner.runCommand.<anonymous closure> (package:flutter_tools/src/runner/flutter_command_runner.dart:496:9)
<asynchronous suspension>
#13     AppContext.run.<anonymous closure> (package:flutter_tools/src/base/context.dart:154:19)
<asynchronous suspension>
#14     FlutterCommandRunner.runCommand (package:flutter_tools/src/runner/flutter_command_runner.dart:431:5)
<asynchronous suspension>
#15     run.<anonymous closure>.<anonymous closure> (package:flutter_tools/runner.dart:98:11)
<asynchronous suspension>
#16     AppContext.run.<anonymous closure> (package:flutter_tools/src/base/context.dart:154:19)
<asynchronous suspension>
#17     main (package:flutter_tools/executable.dart:99:3)
<asynchronous suspension>
```

## flutter doctor

```
[✓] Flutter (Channel stable, 3.29.3, on Microsoft Windows [Versi¢n 10.0.26200.8655], locale es-CO) [1.708ms]
    • Flutter version 3.29.3 on channel stable at C:\dev\flutter
    • Upstream repository https://github.com/flutter/flutter.git
    • Framework revision ea121f8859 (1 year, 3 months ago), 2025-04-11 19:10:07 +0000
    • Engine revision cf56914b32
    • Dart version 3.7.2
    • DevTools version 2.42.3

[✓] Windows Version (11 Education 64-bit, 25H2, 2009) [10,8s]

[✓] Android toolchain - develop for Android devices (Android SDK version 36.0.0) [20,1s]
    • Android SDK at C:\Users\jmosquerarei\AppData\Local\Android\sdk
    • Platform android-36, build-tools 36.0.0
    • Java binary at: C:\Users\jmosquerarei\java\17.0.13+11\bin\java
      This JDK is specified in your Flutter configuration.
      To change the current JDK, run: `flutter config --jdk-dir="path/to/jdk"`.
    • Java version OpenJDK Runtime Environment Temurin-17.0.13+11 (build 17.0.13+11)
    • All Android licenses accepted.

[✓] Chrome - develop for the web [755ms]
    • Chrome at C:\Program Files\Google\Chrome\Application\chrome.exe

[✓] Visual Studio - develop Windows apps (Visual Studio Build Tools 2026 18.5.1) [751ms]
    • Visual Studio at C:\Program Files (x86)\Microsoft Visual Studio\18\BuildTools
    • Visual Studio Build Tools 2026 version 18.5.11716.220
    • Windows 10 SDK version 10.0.26100.0

[!] Android Studio (not installed) [303ms]
    • Android Studio not found; download from https://developer.android.com/studio/index.html
      (or visit https://flutter.dev/to/windows-android-setup for detailed instructions).

[✓] IntelliJ IDEA Ultimate Edition (version 2026.1) [302ms]
    • IntelliJ at C:\Users\jmosquerarei\AppData\Local\Programs\IntelliJ IDEA
    • Flutter plugin version 91.0.0
    • Dart plugin version 504.0.0

[✓] VS Code (version unknown) [47ms]
    • VS Code at C:\Users\jmosquerarei\AppData\Local\Programs\Microsoft VS Code
    • Flutter extension version 3.138.0
    ✗ Unable to determine VS Code version.

[✓] Connected device (4 available) [778ms]
    • sdk gphone64 x86 64 (mobile) • emulator-5554 • android-x64    • Android 15 (API 35) (emulator)
    • Windows (desktop)            • windows       • windows-x64    • Microsoft Windows [Versi¢n 10.0.26200.8655]
    • Chrome (web)                 • chrome        • web-javascript • Google Chrome 150.0.7871.101
    • Edge (web)                   • edge          • web-javascript • Microsoft Edge 150.0.4078.65

[✓] Network resources [724ms]
    • All expected network resources are available.

! Doctor found issues in 1 category.
```
